<?xml version="1.0" encoding="UTF-8"?>
<!-- Generated by org.testng.reporters.JUnitReportReporter -->
<testsuite skipped="0" hostname="Trans-MacBook-Pro.local" name="runner.Runner" tests="1" failures="0" timestamp="2020-07-16T11:38:06 ICT" time="16.669" errors="0">
  <testcase name="feature" time="16.669" classname="runner.Runner"/>
  <system-out/>
</testsuite> <!-- runner.Runner -->
