<?xml version="1.0" encoding="UTF-8"?>
<!-- Generated by org.testng.reporters.JUnitReportReporter -->
<testsuite hostname="hieutrans-MacBook-Pro.local" name="runner.Runner" tests="1" failures="0" timestamp="5 May 2020 02:16:07 GMT" time="18.900" errors="0">
  <testcase name="feature" time="18.900" classname="runner.Runner"/>
</testsuite> <!-- runner.Runner -->
