<?xml version="1.0" encoding="UTF-8"?>
<!-- Generated by org.testng.reporters.JUnitReportReporter -->
<testsuite hostname="hieutrans-MacBook-Pro.local" name="runner.Runner" tests="1" failures="0" timestamp="29 Apr 2020 17:35:05 GMT" time="27.310" errors="0">
  <testcase name="feature" time="27.310" classname="runner.Runner"/>
</testsuite> <!-- runner.Runner -->
