<?xml version="1.0" encoding="UTF-8"?>
<!-- Generated by org.testng.reporters.JUnitReportReporter -->
<testsuite skipped="0" hostname="Trans-MacBook-Pro.local" name="runner.Runner" tests="1" failures="0" timestamp="2020-06-06T15:23:48 ICT" time="2.061" errors="0">
  <testcase name="feature" time="2.061" classname="runner.Runner"/>
  <system-out/>
</testsuite> <!-- runner.Runner -->
