<?xml version="1.0" encoding="UTF-8"?>
<!-- Generated by org.testng.reporters.JUnitReportReporter -->
<testsuite hostname="Hieus-Mac-mini.local" name="runner.Runner" tests="1" failures="0" timestamp="9 Mar 2019 10:23:00 GMT" time="0.145" errors="0">
  <testcase name="feature" time="0.145" classname="runner.Runner"/>
</testsuite> <!-- runner.Runner -->
