<?xml version="1.0" encoding="UTF-8"?>
<!-- Generated by org.testng.reporters.JUnitReportReporter -->
<testsuite hostname="hieutrans-MacBook-Pro.local" name="runner.Runner" tests="1" failures="0" timestamp="30 Apr 2020 07:54:31 GMT" time="17.605" errors="0">
  <testcase name="feature" time="17.605" classname="runner.Runner"/>
</testsuite> <!-- runner.Runner -->
