<?xml version="1.0" encoding="UTF-8"?>
<!-- Generated by org.testng.reporters.JUnitReportReporter -->
<testsuite hostname="Trans-MacBook-Pro.local" name="runner.Runner" tests="1" failures="0" timestamp="30 May 2020 08:40:50 GMT" time="2.298" errors="1">
  <testcase name="feature" time="2.298" classname="runner.Runner">
    <error type="cucumber.runtime.CucumberException" message="org.openqa.selenium.SessionNotCreatedException: session not created: This version of ChromeDriver only supports Chrome version 81
Build info: version: &#039;3.141.59&#039;, revision: &#039;e82be7d358&#039;, time: &#039;2018-11-14T08:17:03&#039;
System info: host: &#039;Trans-MacBook-Pro.local&#039;, ip: &#039;fe80:0:0:0:831:ed54:f009:fd6a%en0&#039;, os.name: &#039;Mac OS X&#039;, os.arch: &#039;x86_64&#039;, os.version: &#039;10.15.5&#039;, java.version: &#039;1.8.0_251&#039;
Driver info: driver.version: ChromeDriver
remote stacktrace: 0   chromedriver                        0x000000010f417789 chromedriver + 4671369
1   chromedriver                        0x000000010f3b25d3 chromedriver + 4257235
2   chromedriver                        0x000000010f05c00f chromedriver + 757775
3   chromedriver                        0x000000010efbbfc9 chromedriver + 102345
4   chromedriver                        0x000000010efb81fc chromedriver + 86524
5   chromedriver                        0x000000010efe7403 chromedriver + 279555
6   chromedriver                        0x000000010efe4213 chromedriver + 266771
7   chromedriver                        0x000000010efbe21d chromedriver + 111133
8   chromedriver                        0x000000010efbf1c5 chromedriver + 115141
9   chromedriver                        0x000000010f3da03f chromedriver + 4419647
10  chromedriver                        0x000000010f3e6cda chromedriver + 4472026
11  chromedriver                        0x000000010f3e6a77 chromedriver + 4471415
12  chromedriver                        0x000000010f3be189 chromedriver + 4305289
13  chromedriver                        0x000000010f3e7587 chromedriver + 4474247
14  chromedriver                        0x000000010f3cfdc7 chromedriver + 4378055
15  chromedriver                        0x000000010f3fd7f4 chromedriver + 4564980
16  chromedriver                        0x000000010f41d717 chromedriver + 4695831
17  libsystem_pthread.dylib             0x00007fff6a5bc109 _pthread_start + 148
18  libsystem_pthread.dylib             0x00007fff6a5b7b8b thread_start + 15
">
      <![CDATA[cucumber.runtime.CucumberException: org.openqa.selenium.SessionNotCreatedException: session not created: This version of ChromeDriver only supports Chrome version 81
Build info: version: '3.141.59', revision: 'e82be7d358', time: '2018-11-14T08:17:03'
System info: host: 'Trans-MacBook-Pro.local', ip: 'fe80:0:0:0:831:ed54:f009:fd6a%en0', os.name: 'Mac OS X', os.arch: 'x86_64', os.version: '10.15.5', java.version: '1.8.0_251'
Driver info: driver.version: ChromeDriver
remote stacktrace: 0   chromedriver                        0x000000010f417789 chromedriver + 4671369
1   chromedriver                        0x000000010f3b25d3 chromedriver + 4257235
2   chromedriver                        0x000000010f05c00f chromedriver + 757775
3   chromedriver                        0x000000010efbbfc9 chromedriver + 102345
4   chromedriver                        0x000000010efb81fc chromedriver + 86524
5   chromedriver                        0x000000010efe7403 chromedriver + 279555
6   chromedriver                        0x000000010efe4213 chromedriver + 266771
7   chromedriver                        0x000000010efbe21d chromedriver + 111133
8   chromedriver                        0x000000010efbf1c5 chromedriver + 115141
9   chromedriver                        0x000000010f3da03f chromedriver + 4419647
10  chromedriver                        0x000000010f3e6cda chromedriver + 4472026
11  chromedriver                        0x000000010f3e6a77 chromedriver + 4471415
12  chromedriver                        0x000000010f3be189 chromedriver + 4305289
13  chromedriver                        0x000000010f3e7587 chromedriver + 4474247
14  chromedriver                        0x000000010f3cfdc7 chromedriver + 4378055
15  chromedriver                        0x000000010f3fd7f4 chromedriver + 4564980
16  chromedriver                        0x000000010f41d717 chromedriver + 4695831
17  libsystem_pthread.dylib             0x00007fff6a5bc109 _pthread_start + 148
18  libsystem_pthread.dylib             0x00007fff6a5b7b8b thread_start + 15

	at cucumber.api.testng.TestNGCucumberRunner.runCucumber(TestNGCucumberRunner.java:69)
	at cucumber.api.testng.AbstractTestNGCucumberTests.feature(AbstractTestNGCucumberTests.java:21)
	at sun.reflect.NativeMethodAccessorImpl.invoke0(Native Method)
	at sun.reflect.NativeMethodAccessorImpl.invoke(NativeMethodAccessorImpl.java:62)
	at sun.reflect.DelegatingMethodAccessorImpl.invoke(DelegatingMethodAccessorImpl.java:43)
	at java.lang.reflect.Method.invoke(Method.java:498)
	at org.testng.internal.MethodInvocationHelper.invokeMethod(MethodInvocationHelper.java:86)
	at org.testng.internal.Invoker.invokeMethod(Invoker.java:643)
	at org.testng.internal.Invoker.invokeTestMethod(Invoker.java:820)
	at org.testng.internal.Invoker.invokeTestMethods(Invoker.java:1128)
	at org.testng.internal.TestMethodWorker.invokeTestMethods(TestMethodWorker.java:129)
	at org.testng.internal.TestMethodWorker.run(TestMethodWorker.java:112)
	at org.testng.TestRunner.privateRun(TestRunner.java:782)
	at org.testng.TestRunner.run(TestRunner.java:632)
	at org.testng.SuiteRunner.runTest(SuiteRunner.java:366)
	at org.testng.SuiteRunner.runSequentially(SuiteRunner.java:361)
	at org.testng.SuiteRunner.privateRun(SuiteRunner.java:319)
	at org.testng.SuiteRunner.run(SuiteRunner.java:268)
	at org.testng.SuiteRunnerWorker.runSuite(SuiteRunnerWorker.java:52)
	at org.testng.SuiteRunnerWorker.run(SuiteRunnerWorker.java:86)
	at org.testng.TestNG.runSuitesSequentially(TestNG.java:1244)
	at org.testng.TestNG.runSuitesLocally(TestNG.java:1169)
	at org.testng.TestNG.run(TestNG.java:1064)
	at org.testng.remote.AbstractRemoteTestNG.run(AbstractRemoteTestNG.java:115)
	at org.testng.remote.RemoteTestNG.initAndRun(RemoteTestNG.java:251)
	at org.testng.remote.RemoteTestNG.main(RemoteTestNG.java:77)
Caused by: org.openqa.selenium.SessionNotCreatedException: session not created: This version of ChromeDriver only supports Chrome version 81
Build info: version: '3.141.59', revision: 'e82be7d358', time: '2018-11-14T08:17:03'
System info: host: 'Trans-MacBook-Pro.local', ip: 'fe80:0:0:0:831:ed54:f009:fd6a%en0', os.name: 'Mac OS X', os.arch: 'x86_64', os.version: '10.15.5', java.version: '1.8.0_251'
Driver info: driver.version: ChromeDriver
remote stacktrace: 0   chromedriver                        0x000000010f417789 chromedriver + 4671369
1   chromedriver                        0x000000010f3b25d3 chromedriver + 4257235
2   chromedriver                        0x000000010f05c00f chromedriver + 757775
3   chromedriver                        0x000000010efbbfc9 chromedriver + 102345
4   chromedriver                        0x000000010efb81fc chromedriver + 86524
5   chromedriver                        0x000000010efe7403 chromedriver + 279555
6   chromedriver                        0x000000010efe4213 chromedriver + 266771
7   chromedriver                        0x000000010efbe21d chromedriver + 111133
8   chromedriver                        0x000000010efbf1c5 chromedriver + 115141
9   chromedriver                        0x000000010f3da03f chromedriver + 4419647
10  chromedriver                        0x000000010f3e6cda chromedriver + 4472026
11  chromedriver                        0x000000010f3e6a77 chromedriver + 4471415
12  chromedriver                        0x000000010f3be189 chromedriver + 4305289
13  chromedriver                        0x000000010f3e7587 chromedriver + 4474247
14  chromedriver                        0x000000010f3cfdc7 chromedriver + 4378055
15  chromedriver                        0x000000010f3fd7f4 chromedriver + 4564980
16  chromedriver                        0x000000010f41d717 chromedriver + 4695831
17  libsystem_pthread.dylib             0x00007fff6a5bc109 _pthread_start + 148
18  libsystem_pthread.dylib             0x00007fff6a5b7b8b thread_start + 15

	at sun.reflect.NativeConstructorAccessorImpl.newInstance0(Native Method)
	at sun.reflect.NativeConstructorAccessorImpl.newInstance(NativeConstructorAccessorImpl.java:62)
	at sun.reflect.DelegatingConstructorAccessorImpl.newInstance(DelegatingConstructorAccessorImpl.java:45)
	at java.lang.reflect.Constructor.newInstance(Constructor.java:423)
	at org.openqa.selenium.remote.W3CHandshakeResponse.lambda$errorHandler$0(W3CHandshakeResponse.java:62)
	at org.openqa.selenium.remote.HandshakeResponse.lambda$getResponseFunction$0(HandshakeResponse.java:30)
	at org.openqa.selenium.remote.ProtocolHandshake.lambda$createSession$0(ProtocolHandshake.java:126)
	at java.util.stream.ReferencePipeline$3$1.accept(ReferencePipeline.java:193)
	at java.util.Spliterators$ArraySpliterator.tryAdvance(Spliterators.java:958)
	at java.util.stream.ReferencePipeline.forEachWithCancel(ReferencePipeline.java:126)
	at java.util.stream.AbstractPipeline.copyIntoWithCancel(AbstractPipeline.java:499)
	at java.util.stream.AbstractPipeline.copyInto(AbstractPipeline.java:486)
	at java.util.stream.AbstractPipeline.wrapAndCopyInto(AbstractPipeline.java:472)
	at java.util.stream.FindOps$FindOp.evaluateSequential(FindOps.java:152)
	at java.util.stream.AbstractPipeline.evaluate(AbstractPipeline.java:234)
	at java.util.stream.ReferencePipeline.findFirst(ReferencePipeline.java:464)
	at org.openqa.selenium.remote.ProtocolHandshake.createSession(ProtocolHandshake.java:128)
	at org.openqa.selenium.remote.ProtocolHandshake.createSession(ProtocolHandshake.java:74)
	at org.openqa.selenium.remote.HttpCommandExecutor.execute(HttpCommandExecutor.java:136)
	at org.openqa.selenium.remote.service.DriverCommandExecutor.execute(DriverCommandExecutor.java:83)
	at org.openqa.selenium.remote.RemoteWebDriver.execute(RemoteWebDriver.java:552)
	at org.openqa.selenium.remote.RemoteWebDriver.startSession(RemoteWebDriver.java:213)
	at org.openqa.selenium.remote.RemoteWebDriver.<init>(RemoteWebDriver.java:131)
	at org.openqa.selenium.chrome.ChromeDriver.<init>(ChromeDriver.java:181)
	at org.openqa.selenium.chrome.ChromeDriver.<init>(ChromeDriver.java:168)
	at org.openqa.selenium.chrome.ChromeDriver.<init>(ChromeDriver.java:123)
	at utility.Hook.setUpChrome(Hook.java:39)
	at sun.reflect.NativeMethodAccessorImpl.invoke0(Native Method)
	at sun.reflect.NativeMethodAccessorImpl.invoke(NativeMethodAccessorImpl.java:62)
	at sun.reflect.DelegatingMethodAccessorImpl.invoke(DelegatingMethodAccessorImpl.java:43)
	at java.lang.reflect.Method.invoke(Method.java:498)
	at cucumber.runtime.Utils$1.call(Utils.java:40)
	at cucumber.runtime.Timeout.timeout(Timeout.java:16)
	at cucumber.runtime.Utils.invoke(Utils.java:34)
	at cucumber.runtime.java.JavaHookDefinition.execute(JavaHookDefinition.java:59)
	at cucumber.runtime.Runtime.runHookIfTagsMatch(Runtime.java:224)
	at cucumber.runtime.Runtime.runHooks(Runtime.java:212)
	at cucumber.runtime.Runtime.runBeforeHooks(Runtime.java:202)
	at cucumber.runtime.model.CucumberScenario.run(CucumberScenario.java:40)
	at cucumber.runtime.model.CucumberScenarioOutline.run(CucumberScenarioOutline.java:46)
	at cucumber.runtime.model.CucumberFeature.run(CucumberFeature.java:165)
	at cucumber.api.testng.TestNGCucumberRunner.runCucumber(TestNGCucumberRunner.java:63)
	... 25 more
]]>
    </error>
  </testcase> <!-- feature -->
</testsuite> <!-- runner.Runner -->
