<?xml version="1.0" encoding="UTF-8"?>
<!-- Generated by org.testng.reporters.JUnitReportReporter -->
<testsuite hostname="Trans-MacBook-Pro.local" name="runner.Runner" tests="1" failures="0" timestamp="23 May 2020 16:55:19 GMT" time="1.705" errors="0">
  <testcase name="feature" time="1.705" classname="runner.Runner"/>
</testsuite> <!-- runner.Runner -->
